
 (WEPP) EROSION STAND-ALONE OUTPUT 




I.   SINGLE STORM HYDROLOGY
  --------- ----- ------------------------------------
 
      ***************************

  INPUT RUNOFF PARAMETERS
  ----------------------------------------------------
      PLANE LENGTH                  20.00 (M)
      AVERAGE SLOPE OF PROFILE      0.029


  RUNOFF INPUT
  ----------------------------------------------------
      RUNOFF DEPTH                   0.00 (MM)
      PEAK RUNOFF RATE               0.00 (MM/HR)
      EFFECTIVE RUNOFF DURATION      0.00 (MIN)
      EFFECTIVE LENGTH              20.00 (METERS)
      EFFECTIVE INTENSITY            0.00 (MM/HR)
      EFFECTIVE RAINFALL DURATION    0.00 (MIN)

  ----------------------------------------------------


II.  ON SITE EFFECTS  ON SITE EFFECTS  ON SITE EFFECTS
     ---------------  ---------------  ---------------




  C.  SOIL LOSS/DEPOSITION ALONG SLOPE PROFILE

          PROFILE DISTANCES ARE FROM TOP TO BOTTOM OF HILLSLOPE


 DISTANCE SOIL  FLOW    DISTANCE   SOIL  FLOW    DISTANCE   SOIL  FLOW
    (M)   LOSS  ELEM       (M)     LOSS  ELEM       (M)     LOSS  ELEM
         (KG/M2)                  (KG/M2)                  (KG/M2)
------------------------------------------------------------------------

   0.20     0.000  1        7.00     0.000  1       13.80     0.000  1
   0.40     0.000  1        7.20     0.000  1       14.00     0.000  1
   0.60     0.000  1        7.40     0.000  1       14.20     0.000  1
   0.80     0.000  1        7.60     0.000  1       14.40     0.000  1
   1.00     0.000  1        7.80     0.000  1       14.60     0.000  1
   1.20     0.000  1        8.00     0.000  1       14.80     0.000  1
   1.40     0.000  1        8.20     0.000  1       15.00     0.000  1
   1.60     0.000  1        8.40     0.000  1       15.20     0.000  1
   1.80     0.000  1        8.60     0.000  1       15.40     0.000  1
   2.00     0.000  1        8.80     0.000  1       15.60     0.000  1
   2.20     0.000  1        9.00     0.000  1       15.80     0.000  1
   2.40     0.000  1        9.20     0.000  1       16.00     0.000  1
   2.60     0.000  1        9.40     0.000  1       16.20     0.000  1
   2.80     0.000  1        9.60     0.000  1       16.40     0.000  1
   3.00     0.000  1        9.80     0.000  1       16.60     0.000  1
   3.20     0.000  1       10.00     0.000  1       16.80     0.000  1
   3.40     0.000  1       10.20     0.000  1       17.00     0.000  1
   3.60     0.000  1       10.40     0.000  1       17.20     0.000  1
   3.80     0.000  1       10.60     0.000  1       17.40     0.000  1
   4.00     0.000  1       10.80     0.000  1       17.60     0.000  1
   4.20     0.000  1       11.00     0.000  1       17.80     0.000  1
   4.40     0.000  1       11.20     0.000  1       18.00     0.000  1
   4.60     0.000  1       11.40     0.000  1       18.20     0.000  1
   4.80     0.000  1       11.60     0.000  1       18.40     0.000  1
   5.00     0.000  1       11.80     0.000  1       18.60     0.000  1
   5.20     0.000  1       12.00     0.000  1       18.80     0.000  1
   5.40     0.000  1       12.20     0.000  1       19.00     0.000  1
   5.60     0.000  1       12.40     0.000  1       19.20     0.000  1
   5.80     0.000  1       12.60     0.000  1       19.40     0.000  1
   6.00     0.000  1       12.80     0.000  1       19.60     0.000  1
   6.20     0.000  1       13.00     0.000  1       19.80     0.000  1
   6.40     0.000  1       13.20     0.000  1       20.00     0.000  1
   6.60     0.000  1       13.40     0.000  1
   6.80     0.000  1       13.60     0.000  1

NOTE:  (+) SOIL LOSS - DETACHMENT     (-) SOIL LOSS - DEPOSITION



III. OFF SITE EFFECTS  OFF SITE EFFECTS  OFF SITE EFFECTS
     ----------------  ----------------  ----------------

     A.  SEDIMENT LEAVING PROFILE     0.000 KG/M

             0.000     KG (BASED ON PROFILE WIDTH OF     20.000      M)
             0.000   T/HA (ASSUMING CONTRIBUTIONS FROM     0.040     HA)


     B.  SEDIMENT CHARACTERISTICS AND ENRICHMENT

     SEDIMENT PARTICLE INFORMATION LEAVING PROFILE
-------------------------------------------------------------------------------
                                 PARTICLE COMPOSITION         DETACHED FRACTION
CLASS  DIAMETER  SPECIFIC  ---------------------------------  SEDIMENT  IN FLOW
         (MM)    GRAVITY   % SAND   % SILT   % CLAY   % O.M.  FRACTION  EXITING
-------------------------------------------------------------------------------
  1     0.002      2.65      0.0      0.0    100.0     11.1     0.052    0.000
  2     0.010      2.65      0.0    100.0      0.0      0.0     0.150    0.000
  3     0.030      1.80      0.0     71.8     28.2      2.9     0.360    0.000
  4     0.300      1.60     56.9     29.6     13.6      1.2     0.343    0.000
  5     0.200      2.65    100.0      0.0      0.0      0.0     0.095    0.000
-------------------------------------------------------------------------------


     SSA ENRICHMENT RATIO LEAVING PROFILE =   0.00
